<?xml version="1.0" encoding="UTF-8" ?>
<testsuite errors="1" failures="0" hostname="vityaman" name="UserAccountTest" skipped="0" tests="1" time="0.0" timestamp="2023-05-18T13:27:33">
  <properties>
    <property name="build.test.dir" value="./.build/dist/test" />
    <property name="ant.library.dir" value="/usr/share/ant/lib" />
    <property name="ant.file.type" value="file" />
    <property name="java.specification.version" value="17" />
    <property name="scp.port" value="2222" />
    <property name="ant.project.name" value="taparia-ant" />
    <property name="sun.jnu.encoding" value="UTF-8" />
    <property name="java.class.path" value="/home/vityaman/dev/edu/semt-taparia-ant/.build/temp/classes:/home/vityaman/dev/edu/semt-taparia-ant/lib:/home/vityaman/dev/edu/semt-taparia-ant/lib/junit.jar:/home/vityaman/dev/edu/semt-taparia-ant/lib/hamcrest-core-1.3.jar:/usr/share/java/junit.jar:/usr/share/java/ant/ant-launcher.jar:/usr/share/java/ant/ant.jar:/usr/share/java/ant/ant-junit.jar:/usr/share/java/ant/ant-junit4.jar" />
    <property name="java.vm.vendor" value="Red Hat, Inc." />
    <property name="sun.arch.data.model" value="64" />
    <property name="ant-cont.dir" value="lib/ant-contrib-1.0b3.jar" />
    <property name="java.vendor.url" value="https://www.redhat.com/" />
    <property name="os.name" value="Linux" />
    <property name="java.vm.specification.version" value="17" />
    <property name="out.dir" value="./.build" />
    <property name="user.country" value="US" />
    <property name="sun.java.launcher" value="SUN_STANDARD" />
    <property name="sun.boot.library.path" value="/usr/lib/jvm/java-17-openjdk-17.0.6.0.10-1.fc38.x86_64/lib" />
    <property name="sun.java.command" value="org.apache.tools.ant.taskdefs.optional.junit.JUnitTestRunner UserAccountTest skipNonTests=false filtertrace=true haltOnError=false haltOnFailure=false formatter=org.apache.tools.ant.taskdefs.optional.junit.SummaryJUnitResultFormatter showoutput=false outputtoformatters=true logfailedtests=true threadid=0 logtestlistenerevents=false formatter=org.apache.tools.ant.taskdefs.optional.junit.XMLJUnitResultFormatter,/home/vityaman/dev/edu/semt-taparia-ant/.build/dist/test/reports/TEST-UserAccountTest.xml crashfile=/home/vityaman/dev/edu/semt-taparia-ant/junitvmwatcher14648521010939144180.properties propsfile=/home/vityaman/dev/edu/semt-taparia-ant/junit3306068432392187351.properties" />
    <property name="scp.dir" value="/home/studs/s337054" />
    <property name="jdk.debug" value="release" />
    <property name="sql.dir" value="src/main/taparia-storage-jdbc/src/main/resources" />
    <property name="test.dir" value="src/test" />
    <property name="sun.cpu.endian" value="little" />
    <property name="user.home" value="/root" />
    <property name="user.language" value="en" />
    <property name="sun.stderr.encoding" value="UTF-8" />
    <property name="java.specification.vendor" value="Oracle Corporation" />
    <property name="java.version.date" value="2023-01-17" />
    <property name="java.home" value="/usr/lib/jvm/java-17-openjdk-17.0.6.0.10-1.fc38.x86_64" />
    <property name="ant.file.taparia-ant" value="/home/vityaman/dev/edu/semt-taparia-ant/build.xml" />
    <property name="basedir" value="/home/vityaman/dev/edu/semt-taparia-ant" />
    <property name="file.separator" value="/" />
    <property name="java.vm.compressedOopsMode" value="32-bit" />
    <property name="line.separator" value="&#xa;" />
    <property name="sun.stdout.encoding" value="UTF-8" />
    <property name="ant.java.version" value="17" />
    <property name="java.vm.specification.vendor" value="Oracle Corporation" />
    <property name="java.specification.name" value="Java Platform API Specification" />
    <property name="build.api.dir" value="./.build/dist/api/WEB-INF" />
    <property name="build.lib.dir" value="./.build/temp/lib" />
    <property name="path.to.app.war" value="./.build/dist/app.war" />
    <property name="scp.host" value="se.ifmo.ru" />
    <property name="test.report.dir" value="./.build/dist/test/reports" />
    <property name="sun.management.compiler" value="HotSpot 64-Bit Tiered Compilers" />
    <property name="build.web-inf.dir" value="./.build/dist/app/WEB-INF" />
    <property name="path.to.api.war" value="./.build/dist/api.war" />
    <property name="java.runtime.version" value="17.0.6+10" />
    <property name="user.name" value="root" />
    <property name="ant.file" value="/home/vityaman/dev/edu/semt-taparia-ant/build.xml" />
    <property name="build.classes.dir" value="./.build/temp/classes" />
    <property name="path.separator" value=":" />
    <property name="os.version" value="6.2.14-300.fc38.x86_64" />
    <property name="src.web.dir" value="src/main/taparia-app/src/main/webapp" />
    <property name="java.runtime.name" value="OpenJDK Runtime Environment" />
    <property name="file.encoding" value="UTF-8" />
    <property name="webxml.file" value="./.build/dist/app/WEB-INF/web.xml" />
    <property name="ant.project.invoked-targets" value="test" />
    <property name="scp.user" value="s337054" />
    <property name="junit.lib" value="lib/junit.jar" />
    <property name="java.vm.name" value="OpenJDK 64-Bit Server VM" />
    <property name="hamcrest.lib" value="lib/hamcrest-core-1.3.jar" />
    <property name="java.vendor.version" value="(Red_Hat-17.0.6.0.10-1.fc38)" />
    <property name="build.web.dir" value="./.build/dist/app" />
    <property name="web.classes" value="./.build/dist/app/WEB-INF/classes" />
    <property name="dist.dir" value="./.build/dist" />
    <property name="build.dir" value="./.build/temp" />
    <property name="ant.core.lib" value="/usr/share/java/ant/ant.jar" />
    <property name="java.vendor.url.bug" value="https://bugzilla.redhat.com/enter_bug.cgi?product=Fedora&amp;component=java-17-openjdk&amp;version=38" />
    <property name="java.io.tmpdir" value="/tmp" />
    <property name="java.version" value="17.0.6" />
    <property name="user.dir" value="/home/vityaman/dev/edu/semt-taparia-ant" />
    <property name="os.arch" value="amd64" />
    <property name="src.main.dir" value="src/main" />
    <property name="java.vm.specification.name" value="Java Virtual Machine Specification" />
    <property name="web-inf.path" value="src/main/taparia-app/src/main/webapp/WEB-INF" />
    <property name="ant.home" value="/usr/share/ant" />
    <property name="lib.dir" value="lib" />
    <property name="ant.file.type.taparia-ant" value="file" />
    <property name="native.encoding" value="UTF-8" />
    <property name="ant.version" value="Apache Ant(TM) version 1.10.12 compiled on January 18 2023" />
    <property name="java.library.path" value="/usr/java/packages/lib:/usr/lib64:/lib64:/lib:/usr/lib" />
    <property name="java.vendor" value="Red Hat, Inc." />
    <property name="java.vm.info" value="mixed mode, sharing" />
    <property name="java.vm.version" value="17.0.6+10" />
    <property name="build.api" value="./.build/dist/api" />
    <property name="sun.io.unicode.encoding" value="UnicodeLittle" />
    <property name="java.class.version" value="61.0" />
    <property name="src.dir" value="src" />
    <property name="ant.project.default-target" value="build" />
  </properties>
  <error message="UserAccountTest" type="java.lang.ClassNotFoundException">java.lang.ClassNotFoundException: UserAccountTest
	at java.base/jdk.internal.loader.BuiltinClassLoader.loadClass(BuiltinClassLoader.java:641)
	at java.base/jdk.internal.loader.ClassLoaders$AppClassLoader.loadClass(ClassLoaders.java:188)
	at java.base/java.lang.ClassLoader.loadClass(ClassLoader.java:520)
	at java.base/java.lang.Class.forName0(Native Method)
	at java.base/java.lang.Class.forName(Class.java:467)
</error>
  <system-out><![CDATA[]]></system-out>
  <system-err><![CDATA[]]></system-err>
</testsuite>
